c:\users\julius cesar estrope\documents\professional\cis 450\project 3\cis450-program-3\project3\project3\debug\vc142.pdb
c:\users\julius cesar estrope\documents\professional\cis 450\project 3\cis450-program-3\project3\project3\debug\vc142.idb
c:\users\julius cesar estrope\documents\professional\cis 450\project 3\cis450-program-3\project3\project3\debug\umdlibos.obj
c:\users\julius cesar estrope\documents\professional\cis 450\project 3\cis450-program-3\project3\project3\debug\main.obj
c:\users\julius cesar estrope\documents\professional\cis 450\project 3\cis450-program-3\project3\project3\debug\inode.obj
c:\users\julius cesar estrope\documents\professional\cis 450\project 3\cis450-program-3\project3\project3\debug\filesystemapi.obj
c:\users\julius cesar estrope\documents\professional\cis 450\project 3\cis450-program-3\project3\project3\debug\fileaccessapi.obj
c:\users\julius cesar estrope\documents\professional\cis 450\project 3\cis450-program-3\project3\project3\debug\diskapi.obj
c:\users\julius cesar estrope\documents\professional\cis 450\project 3\cis450-program-3\project3\project3\debug\directoryapi.obj
c:\users\julius cesar estrope\documents\professional\cis 450\project 3\cis450-program-3\project3\debug\project3.pdb
c:\users\julius cesar estrope\documents\professional\cis 450\project 3\cis450-program-3\project3\project3\debug\project3.tlog\cl.command.1.tlog
c:\users\julius cesar estrope\documents\professional\cis 450\project 3\cis450-program-3\project3\project3\debug\project3.tlog\cl.read.1.tlog
c:\users\julius cesar estrope\documents\professional\cis 450\project 3\cis450-program-3\project3\project3\debug\project3.tlog\cl.write.1.tlog
c:\users\julius cesar estrope\documents\professional\cis 450\project 3\cis450-program-3\project3\project3\debug\project3.tlog\link-cvtres.read.1.tlog
c:\users\julius cesar estrope\documents\professional\cis 450\project 3\cis450-program-3\project3\project3\debug\project3.tlog\link-cvtres.write.1.tlog
c:\users\julius cesar estrope\documents\professional\cis 450\project 3\cis450-program-3\project3\project3\debug\project3.tlog\link-rc.read.1.tlog
c:\users\julius cesar estrope\documents\professional\cis 450\project 3\cis450-program-3\project3\project3\debug\project3.tlog\link-rc.write.1.tlog
c:\users\julius cesar estrope\documents\professional\cis 450\project 3\cis450-program-3\project3\project3\debug\project3.tlog\link.command.1.tlog
c:\users\julius cesar estrope\documents\professional\cis 450\project 3\cis450-program-3\project3\project3\debug\project3.tlog\link.read.1.tlog
c:\users\julius cesar estrope\documents\professional\cis 450\project 3\cis450-program-3\project3\project3\debug\project3.tlog\link.write.1.tlog
