  DirectoryAPI.cpp
E:\School\Winter 2020\ECE 478\Project 3\CIS450-Program-3\Project3\Project3\DirectoryAPI.cpp(57,40): error C2679: binary '=': no operator found which takes a right-hand operand of type 'std::unique_ptr<DirectoryINode,std::default_delete<DirectoryINode>> *' (or there is no acceptable conversion)
C:\Program Files (x86)\Microsoft Visual Studio\2019\Community\VC\Tools\MSVC\14.25.28610\include\memory(1913,17): message : could be 'std::unique_ptr<DirectoryINode,std::default_delete<DirectoryINode>> &std::unique_ptr<DirectoryINode,std::default_delete<DirectoryINode>>::operator =(const std::unique_ptr<DirectoryINode,std::default_delete<DirectoryINode>> &)'
C:\Program Files (x86)\Microsoft Visual Studio\2019\Community\VC\Tools\MSVC\14.25.28610\include\memory(1805,17): message : or       'std::unique_ptr<DirectoryINode,std::default_delete<DirectoryINode>> &std::unique_ptr<DirectoryINode,std::default_delete<DirectoryINode>>::operator =(std::nullptr_t) noexcept'
C:\Program Files (x86)\Microsoft Visual Studio\2019\Community\VC\Tools\MSVC\14.25.28610\include\memory(1858,17): message : or       'std::unique_ptr<DirectoryINode,std::default_delete<DirectoryINode>> &std::unique_ptr<DirectoryINode,std::default_delete<DirectoryINode>>::operator =<std::default_delete<DirectoryINode>,0>(std::unique_ptr<DirectoryINode,std::default_delete<DirectoryINode>> &&) noexcept'
C:\Program Files (x86)\Microsoft Visual Studio\2019\Community\VC\Tools\MSVC\14.25.28610\include\memory(1849,17): message : or       'std::unique_ptr<DirectoryINode,std::default_delete<DirectoryINode>> &std::unique_ptr<DirectoryINode,std::default_delete<DirectoryINode>>::operator =<DirectoryINode,std::default_delete<DirectoryINode>,0>(std::unique_ptr<DirectoryINode,std::default_delete<DirectoryINode>> &&) noexcept'
E:\School\Winter 2020\ECE 478\Project 3\CIS450-Program-3\Project3\Project3\DirectoryAPI.cpp(57,40): message : while trying to match the argument list '(std::unique_ptr<DirectoryINode,std::default_delete<DirectoryINode>>, std::unique_ptr<DirectoryINode,std::default_delete<DirectoryINode>> *)'
E:\School\Winter 2020\ECE 478\Project 3\CIS450-Program-3\Project3\Project3\DirectoryAPI.cpp(67,48): error C2679: binary '=': no operator found which takes a right-hand operand of type 'std::unique_ptr<DirectoryINode,std::default_delete<DirectoryINode>> *' (or there is no acceptable conversion)
C:\Program Files (x86)\Microsoft Visual Studio\2019\Community\VC\Tools\MSVC\14.25.28610\include\memory(1913,17): message : could be 'std::unique_ptr<DirectoryINode,std::default_delete<DirectoryINode>> &std::unique_ptr<DirectoryINode,std::default_delete<DirectoryINode>>::operator =(const std::unique_ptr<DirectoryINode,std::default_delete<DirectoryINode>> &)'
C:\Program Files (x86)\Microsoft Visual Studio\2019\Community\VC\Tools\MSVC\14.25.28610\include\memory(1805,17): message : or       'std::unique_ptr<DirectoryINode,std::default_delete<DirectoryINode>> &std::unique_ptr<DirectoryINode,std::default_delete<DirectoryINode>>::operator =(std::nullptr_t) noexcept'
C:\Program Files (x86)\Microsoft Visual Studio\2019\Community\VC\Tools\MSVC\14.25.28610\include\memory(1858,17): message : or       'std::unique_ptr<DirectoryINode,std::default_delete<DirectoryINode>> &std::unique_ptr<DirectoryINode,std::default_delete<DirectoryINode>>::operator =<std::default_delete<DirectoryINode>,0>(std::unique_ptr<DirectoryINode,std::default_delete<DirectoryINode>> &&) noexcept'
C:\Program Files (x86)\Microsoft Visual Studio\2019\Community\VC\Tools\MSVC\14.25.28610\include\memory(1849,17): message : or       'std::unique_ptr<DirectoryINode,std::default_delete<DirectoryINode>> &std::unique_ptr<DirectoryINode,std::default_delete<DirectoryINode>>::operator =<DirectoryINode,std::default_delete<DirectoryINode>,0>(std::unique_ptr<DirectoryINode,std::default_delete<DirectoryINode>> &&) noexcept'
E:\School\Winter 2020\ECE 478\Project 3\CIS450-Program-3\Project3\Project3\DirectoryAPI.cpp(67,48): message : while trying to match the argument list '(std::unique_ptr<DirectoryINode,std::default_delete<DirectoryINode>>, std::unique_ptr<DirectoryINode,std::default_delete<DirectoryINode>> *)'
E:\School\Winter 2020\ECE 478\Project 3\CIS450-Program-3\Project3\Project3\DirectoryAPI.cpp(68,20): error C2039: 'get': is not a member of 'DirectoryINode'
E:\School\Winter 2020\ECE 478\Project 3\CIS450-Program-3\Project3\Project3\INode.h(57): message : see declaration of 'DirectoryINode'
E:\School\Winter 2020\ECE 478\Project 3\CIS450-Program-3\Project3\Project3\DirectoryAPI.cpp(70,23): error C2039: 'get': is not a member of 'DirectoryINode'
E:\School\Winter 2020\ECE 478\Project 3\CIS450-Program-3\Project3\Project3\INode.h(57): message : see declaration of 'DirectoryINode'
E:\School\Winter 2020\ECE 478\Project 3\CIS450-Program-3\Project3\Project3\DirectoryAPI.cpp(70,87): error C2039: 'get': is not a member of 'DirectoryINode'
E:\School\Winter 2020\ECE 478\Project 3\CIS450-Program-3\Project3\Project3\INode.h(57): message : see declaration of 'DirectoryINode'
E:\School\Winter 2020\ECE 478\Project 3\CIS450-Program-3\Project3\Project3\DirectoryAPI.cpp(107,39): error C2679: binary '=': no operator found which takes a right-hand operand of type 'std::unique_ptr<DirectoryINode,std::default_delete<DirectoryINode>> *' (or there is no acceptable conversion)
C:\Program Files (x86)\Microsoft Visual Studio\2019\Community\VC\Tools\MSVC\14.25.28610\include\memory(1913,17): message : could be 'std::unique_ptr<DirectoryINode,std::default_delete<DirectoryINode>> &std::unique_ptr<DirectoryINode,std::default_delete<DirectoryINode>>::operator =(const std::unique_ptr<DirectoryINode,std::default_delete<DirectoryINode>> &)'
C:\Program Files (x86)\Microsoft Visual Studio\2019\Community\VC\Tools\MSVC\14.25.28610\include\memory(1805,17): message : or       'std::unique_ptr<DirectoryINode,std::default_delete<DirectoryINode>> &std::unique_ptr<DirectoryINode,std::default_delete<DirectoryINode>>::operator =(std::nullptr_t) noexcept'
C:\Program Files (x86)\Microsoft Visual Studio\2019\Community\VC\Tools\MSVC\14.25.28610\include\memory(1858,17): message : or       'std::unique_ptr<DirectoryINode,std::default_delete<DirectoryINode>> &std::unique_ptr<DirectoryINode,std::default_delete<DirectoryINode>>::operator =<std::default_delete<DirectoryINode>,0>(std::unique_ptr<DirectoryINode,std::default_delete<DirectoryINode>> &&) noexcept'
C:\Program Files (x86)\Microsoft Visual Studio\2019\Community\VC\Tools\MSVC\14.25.28610\include\memory(1849,17): message : or       'std::unique_ptr<DirectoryINode,std::default_delete<DirectoryINode>> &std::unique_ptr<DirectoryINode,std::default_delete<DirectoryINode>>::operator =<DirectoryINode,std::default_delete<DirectoryINode>,0>(std::unique_ptr<DirectoryINode,std::default_delete<DirectoryINode>> &&) noexcept'
E:\School\Winter 2020\ECE 478\Project 3\CIS450-Program-3\Project3\Project3\DirectoryAPI.cpp(107,39): message : while trying to match the argument list '(std::unique_ptr<DirectoryINode,std::default_delete<DirectoryINode>>, std::unique_ptr<DirectoryINode,std::default_delete<DirectoryINode>> *)'
E:\School\Winter 2020\ECE 478\Project 3\CIS450-Program-3\Project3\Project3\DirectoryAPI.cpp(129,62): error C2039: 'get': is not a member of 'DirectoryINode'
E:\School\Winter 2020\ECE 478\Project 3\CIS450-Program-3\Project3\Project3\INode.h(57): message : see declaration of 'DirectoryINode'
  DiskAPI.cpp
  FileAccessAPI.cpp
E:\School\Winter 2020\ECE 478\Project 3\CIS450-Program-3\Project3\Project3\FileAccessAPI.cpp(80,38): error C3867: 'std::basic_string<char,std::char_traits<char>,std::allocator<char>>::size': non-standard syntax; use '&' to create a pointer to member
E:\School\Winter 2020\ECE 478\Project 3\CIS450-Program-3\Project3\Project3\FileAccessAPI.cpp(80,38): error C2296: '-': illegal, left operand has type 'unsigned int (__thiscall std::basic_string<char,std::char_traits<char>,std::allocator<char>>::* )(void) noexcept const'
E:\School\Winter 2020\ECE 478\Project 3\CIS450-Program-3\Project3\Project3\FileAccessAPI.cpp(135,27): warning C4244: 'initializing': conversion from 'double' to 'int', possible loss of data
E:\School\Winter 2020\ECE 478\Project 3\CIS450-Program-3\Project3\Project3\FileAccessAPI.cpp(136,25): warning C4244: 'initializing': conversion from 'double' to 'int', possible loss of data
E:\School\Winter 2020\ECE 478\Project 3\CIS450-Program-3\Project3\Project3\FileAccessAPI.cpp(249,28): warning C4244: 'initializing': conversion from 'double' to 'int', possible loss of data
E:\School\Winter 2020\ECE 478\Project 3\CIS450-Program-3\Project3\Project3\FileAccessAPI.cpp(330,17): warning C4834: discarding return value of function with 'nodiscard' attribute
E:\School\Winter 2020\ECE 478\Project 3\CIS450-Program-3\Project3\Project3\FileAccessAPI.cpp(352,38): error C3867: 'std::basic_string<char,std::char_traits<char>,std::allocator<char>>::size': non-standard syntax; use '&' to create a pointer to member
E:\School\Winter 2020\ECE 478\Project 3\CIS450-Program-3\Project3\Project3\FileAccessAPI.cpp(352,38): error C2296: '-': illegal, left operand has type 'unsigned int (__thiscall std::basic_string<char,std::char_traits<char>,std::allocator<char>>::* )(void) noexcept const'
E:\School\Winter 2020\ECE 478\Project 3\CIS450-Program-3\Project3\Project3\FileAccessAPI.cpp(378,79): error C2440: 'initializing': cannot convert from 'std::unique_ptr<DirectoryINode,std::default_delete<DirectoryINode>> *' to 'std::unique_ptr<DirectoryINode,std::default_delete<DirectoryINode>>'
E:\School\Winter 2020\ECE 478\Project 3\CIS450-Program-3\Project3\Project3\FileAccessAPI.cpp(378,79): message : No constructor could take the source type, or constructor overload resolution was ambiguous
E:\School\Winter 2020\ECE 478\Project 3\CIS450-Program-3\Project3\Project3\FileAccessAPI.cpp(382,55): error C3867: 'DirectoryINode::getNumberSubFiles': non-standard syntax; use '&' to create a pointer to member
E:\School\Winter 2020\ECE 478\Project 3\CIS450-Program-3\Project3\Project3\FileAccessAPI.cpp(382,55): error C2446: '<': no conversion from 'int (__thiscall DirectoryINode::* )(void)' to 'int'
E:\School\Winter 2020\ECE 478\Project 3\CIS450-Program-3\Project3\Project3\FileAccessAPI.cpp(382,38): message : There is no context in which this conversion is possible
E:\School\Winter 2020\ECE 478\Project 3\CIS450-Program-3\Project3\Project3\FileAccessAPI.cpp(407,78): error C2440: 'initializing': cannot convert from 'std::unique_ptr<DirectoryINode,std::default_delete<DirectoryINode>> *' to 'std::unique_ptr<DirectoryINode,std::default_delete<DirectoryINode>>'
E:\School\Winter 2020\ECE 478\Project 3\CIS450-Program-3\Project3\Project3\FileAccessAPI.cpp(407,78): message : No constructor could take the source type, or constructor overload resolution was ambiguous
E:\School\Winter 2020\ECE 478\Project 3\CIS450-Program-3\Project3\Project3\FileAccessAPI.cpp(415,3): error C2065: 'g': undeclared identifier
E:\School\Winter 2020\ECE 478\Project 3\CIS450-Program-3\Project3\Project3\FileAccessAPI.cpp(416,1): error C2143: syntax error: missing ';' before '}'
  FileSystemAPI.cpp
  INode.cpp
E:\School\Winter 2020\ECE 478\Project 3\CIS450-Program-3\Project3\Project3\INode.cpp(73,2): error C2065: 'dataBlocks': undeclared identifier
  main.cpp
  UMDLibOS.cpp
  Generating Code...
